2024-10-03 09:21:05,437 - INFO - Converting ACEROYAL_ESTATES_HOMES_LIMITED.html to ACEROYAL_ESTATES_HOMES_LIMITED.pdf
2024-10-03 09:21:32,257 - INFO - Converting ACEROYAL_ESTATES_HOMES_LIMITED.html to ACEROYAL_ESTATES_HOMES_LIMITED.pdf
2024-10-03 09:22:43,117 - INFO - Successfully generated PDF: reports/pdfBulk\ACEROYAL_ESTATES_HOMES_LIMITED.pdf
2024-10-03 09:22:43,118 - INFO - Converting ACE_VOGUE_AND_SERVICES.html to ACE_VOGUE_AND_SERVICES.pdf
2024-10-03 09:23:30,749 - INFO - Successfully generated PDF: reports/pdfBulk\ACE_VOGUE_AND_SERVICES.pdf
2024-10-03 09:23:30,749 - INFO - Converting ALARE_COMMUNITY_DEVELOPMENT_FOUNDATION.html to ALARE_COMMUNITY_DEVELOPMENT_FOUNDATION.pdf
2024-10-03 09:24:18,817 - INFO - Successfully generated PDF: reports/pdfBulk\ALARE_COMMUNITY_DEVELOPMENT_FOUNDATION.pdf
2024-10-03 09:24:18,817 - INFO - Converting ALL_ABOUT_AUTOS_LTD.html to ALL_ABOUT_AUTOS_LTD.pdf
2024-10-03 09:25:06,739 - INFO - Successfully generated PDF: reports/pdfBulk\ALL_ABOUT_AUTOS_LTD.pdf
2024-10-03 09:25:06,739 - INFO - Converting AMI_&_ANA_LAUNDRY_SERVICES.html to AMI_&_ANA_LAUNDRY_SERVICES.pdf
2024-10-03 09:25:54,744 - INFO - Successfully generated PDF: reports/pdfBulk\AMI_&_ANA_LAUNDRY_SERVICES.pdf
2024-10-03 09:25:54,744 - INFO - Converting ARIS_ACTIVE.html to ARIS_ACTIVE.pdf
2024-10-03 09:26:42,758 - INFO - Successfully generated PDF: reports/pdfBulk\ARIS_ACTIVE.pdf
2024-10-03 09:26:42,758 - INFO - Converting ASURF_FILMS_LIMITED.html to ASURF_FILMS_LIMITED.pdf
2024-10-03 09:27:30,749 - INFO - Successfully generated PDF: reports/pdfBulk\ASURF_FILMS_LIMITED.pdf
2024-10-03 09:27:30,749 - INFO - Converting BASKKOT_LTD.html to BASKKOT_LTD.pdf
2024-10-03 09:28:18,766 - INFO - Successfully generated PDF: reports/pdfBulk\BASKKOT_LTD.pdf
2024-10-03 09:28:18,766 - INFO - Converting BEAT_BY_RUKKY.html to BEAT_BY_RUKKY.pdf
2024-10-03 09:29:06,745 - INFO - Successfully generated PDF: reports/pdfBulk\BEAT_BY_RUKKY.pdf
2024-10-03 09:29:06,748 - INFO - Converting BIRTH_AWAY_LIMITED.html to BIRTH_AWAY_LIMITED.pdf
2024-10-03 09:29:54,742 - INFO - Successfully generated PDF: reports/pdfBulk\BIRTH_AWAY_LIMITED.pdf
2024-10-03 09:29:54,742 - INFO - Converting BOAZE_ESTATE_DEVELOPMENT_AND_INVESTMENT_LTD.html to BOAZE_ESTATE_DEVELOPMENT_AND_INVESTMENT_LTD.pdf
2024-10-03 09:30:42,783 - INFO - Successfully generated PDF: reports/pdfBulk\BOAZE_ESTATE_DEVELOPMENT_AND_INVESTMENT_LTD.pdf
2024-10-03 09:30:42,784 - INFO - Converting CARO_AGRO_FOODS_LIMITED.html to CARO_AGRO_FOODS_LIMITED.pdf
2024-10-03 09:31:30,754 - INFO - Successfully generated PDF: reports/pdfBulk\CARO_AGRO_FOODS_LIMITED.pdf
2024-10-03 09:31:30,754 - INFO - Converting CHOW_&_SPICE_KITCHEN.html to CHOW_&_SPICE_KITCHEN.pdf
2024-10-03 09:32:19,004 - INFO - Successfully generated PDF: reports/pdfBulk\CHOW_&_SPICE_KITCHEN.pdf
2024-10-03 09:32:19,004 - INFO - Converting CLOVA_CREATIVE_STUDIOS.html to CLOVA_CREATIVE_STUDIOS.pdf
2024-10-03 09:33:06,810 - INFO - Successfully generated PDF: reports/pdfBulk\CLOVA_CREATIVE_STUDIOS.pdf
2024-10-03 09:33:06,810 - INFO - Converting CYNTHIA_EZINNE_ORJI_INTERIOR_SERVICES.html to CYNTHIA_EZINNE_ORJI_INTERIOR_SERVICES.pdf
2024-10-03 09:33:54,745 - INFO - Successfully generated PDF: reports/pdfBulk\CYNTHIA_EZINNE_ORJI_INTERIOR_SERVICES.pdf
2024-10-03 09:33:54,745 - INFO - Converting DAEMON_ENERGY_LIMITED.html to DAEMON_ENERGY_LIMITED.pdf
2024-10-03 09:34:42,788 - INFO - Successfully generated PDF: reports/pdfBulk\DAEMON_ENERGY_LIMITED.pdf
2024-10-03 09:34:42,788 - INFO - Converting DETAMAININGU_LIMITED.html to DETAMAININGU_LIMITED.pdf
2024-10-03 09:35:30,758 - INFO - Successfully generated PDF: reports/pdfBulk\DETAMAININGU_LIMITED.pdf
2024-10-03 09:35:30,758 - INFO - Converting DOLLHOUSELTD.html to DOLLHOUSELTD.pdf
2024-10-03 09:36:18,773 - INFO - Successfully generated PDF: reports/pdfBulk\DOLLHOUSELTD.pdf
2024-10-03 09:36:18,773 - INFO - Converting DOMINICAN_AGRISPHERE.html to DOMINICAN_AGRISPHERE.pdf
2024-10-03 09:37:06,757 - INFO - Successfully generated PDF: reports/pdfBulk\DOMINICAN_AGRISPHERE.pdf
2024-10-03 09:37:06,757 - INFO - Converting DOUBLE_STANDARD_EXPORT_AND_IMPORT_LTD.html to DOUBLE_STANDARD_EXPORT_AND_IMPORT_LTD.pdf
2024-10-03 09:37:54,776 - INFO - Successfully generated PDF: reports/pdfBulk\DOUBLE_STANDARD_EXPORT_AND_IMPORT_LTD.pdf
2024-10-03 09:37:54,776 - INFO - Converting DREAMFIELD_NEST_&_INTERIORS_LIMITED.html to DREAMFIELD_NEST_&_INTERIORS_LIMITED.pdf
2024-10-03 09:38:42,767 - INFO - Successfully generated PDF: reports/pdfBulk\DREAMFIELD_NEST_&_INTERIORS_LIMITED.pdf
2024-10-03 09:38:42,767 - INFO - Converting ELITE_PILLAR_INTERNATIONAL_LIMITED.html to ELITE_PILLAR_INTERNATIONAL_LIMITED.pdf
2024-10-03 09:39:30,767 - INFO - Successfully generated PDF: reports/pdfBulk\ELITE_PILLAR_INTERNATIONAL_LIMITED.pdf
2024-10-03 09:39:30,767 - INFO - Converting EMPOWER_AFRICA_INITIATIVES.html to EMPOWER_AFRICA_INITIATIVES.pdf
2024-10-03 09:40:18,774 - INFO - Successfully generated PDF: reports/pdfBulk\EMPOWER_AFRICA_INITIATIVES.pdf
2024-10-03 09:40:18,776 - INFO - Converting EVENTS_BY_POP'S.html to EVENTS_BY_POP'S.pdf
2024-10-03 09:41:06,763 - INFO - Successfully generated PDF: reports/pdfBulk\EVENTS_BY_POP'S.pdf
2024-10-03 09:41:06,763 - INFO - Converting F&B_VEGETABLES_VENTURES.html to F&B_VEGETABLES_VENTURES.pdf
2024-10-03 09:41:54,923 - INFO - Successfully generated PDF: reports/pdfBulk\F&B_VEGETABLES_VENTURES.pdf
2024-10-03 09:41:54,923 - INFO - Converting FIRST_REGENT_HOMES_AND_APARTMENT.html to FIRST_REGENT_HOMES_AND_APARTMENT.pdf
2024-10-03 09:42:42,750 - INFO - Successfully generated PDF: reports/pdfBulk\FIRST_REGENT_HOMES_AND_APARTMENT.pdf
2024-10-03 09:42:42,750 - INFO - Converting FLOREBAM_NIGERIA_LIMITED.html to FLOREBAM_NIGERIA_LIMITED.pdf
2024-10-03 09:43:30,772 - INFO - Successfully generated PDF: reports/pdfBulk\FLOREBAM_NIGERIA_LIMITED.pdf
2024-10-03 09:43:30,772 - INFO - Converting FYNELLE_GLOBAL_ENTERPRISES.html to FYNELLE_GLOBAL_ENTERPRISES.pdf
2024-10-03 09:44:18,765 - INFO - Successfully generated PDF: reports/pdfBulk\FYNELLE_GLOBAL_ENTERPRISES.pdf
2024-10-03 09:44:18,765 - INFO - Converting GAVANA_PROPERTIES_AND_CORPORATE_SERVICES_LTD.html to GAVANA_PROPERTIES_AND_CORPORATE_SERVICES_LTD.pdf
2024-10-03 09:45:06,808 - INFO - Successfully generated PDF: reports/pdfBulk\GAVANA_PROPERTIES_AND_CORPORATE_SERVICES_LTD.pdf
2024-10-03 09:45:06,808 - INFO - Converting GIDEBOND_UNIVERSE_VENTURE_LTD.html to GIDEBOND_UNIVERSE_VENTURE_LTD.pdf
2024-10-03 09:45:54,764 - INFO - Successfully generated PDF: reports/pdfBulk\GIDEBOND_UNIVERSE_VENTURE_LTD.pdf
2024-10-03 09:45:54,764 - INFO - Converting HUXTLA_LOGISTICS_SERVICES.html to HUXTLA_LOGISTICS_SERVICES.pdf
2024-10-03 09:46:42,751 - INFO - Successfully generated PDF: reports/pdfBulk\HUXTLA_LOGISTICS_SERVICES.pdf
2024-10-03 09:46:42,751 - INFO - Converting IDEOS_TECHNOLOGY_LIMITED.html to IDEOS_TECHNOLOGY_LIMITED.pdf
2024-10-03 09:47:30,770 - INFO - Successfully generated PDF: reports/pdfBulk\IDEOS_TECHNOLOGY_LIMITED.pdf
2024-10-03 09:47:30,770 - INFO - Converting INNOVANTICS_LTD.html to INNOVANTICS_LTD.pdf
2024-10-03 09:48:18,931 - INFO - Successfully generated PDF: reports/pdfBulk\INNOVANTICS_LTD.pdf
2024-10-03 09:48:18,931 - INFO - Converting INPARADISUM_AUTO_ENTERPRISES.html to INPARADISUM_AUTO_ENTERPRISES.pdf
2024-10-03 09:49:06,762 - INFO - Successfully generated PDF: reports/pdfBulk\INPARADISUM_AUTO_ENTERPRISES.pdf
2024-10-03 09:49:06,762 - INFO - Converting INSPIHER_DEVELOPMENT_AND_EMPOWERMENT_NETWORK.html to INSPIHER_DEVELOPMENT_AND_EMPOWERMENT_NETWORK.pdf
2024-10-03 09:49:54,820 - INFO - Successfully generated PDF: reports/pdfBulk\INSPIHER_DEVELOPMENT_AND_EMPOWERMENT_NETWORK.pdf
2024-10-03 09:49:54,820 - INFO - Converting JODISOFT_VENTURE.html to JODISOFT_VENTURE.pdf
2024-10-03 09:50:42,881 - INFO - Successfully generated PDF: reports/pdfBulk\JODISOFT_VENTURE.pdf
2024-10-03 09:50:42,881 - INFO - Converting JOESYL_INDUSTRIES_ENTERPRISES.html to JOESYL_INDUSTRIES_ENTERPRISES.pdf
2024-10-03 09:51:30,796 - INFO - Successfully generated PDF: reports/pdfBulk\JOESYL_INDUSTRIES_ENTERPRISES.pdf
2024-10-03 09:51:30,796 - INFO - Converting JOSHMARTIN_EMIRATES_SERVICE.html to JOSHMARTIN_EMIRATES_SERVICE.pdf
2024-10-03 09:52:18,824 - INFO - Successfully generated PDF: reports/pdfBulk\JOSHMARTIN_EMIRATES_SERVICE.pdf
2024-10-03 09:52:18,824 - INFO - Converting JUSTFAB_SUTANA_FABRIC_&_MORE.html to JUSTFAB_SUTANA_FABRIC_&_MORE.pdf
2024-10-03 09:53:06,824 - INFO - Successfully generated PDF: reports/pdfBulk\JUSTFAB_SUTANA_FABRIC_&_MORE.pdf
2024-10-03 09:53:06,824 - INFO - Converting KOLAN_LOGISTICS_LIMITED.html to KOLAN_LOGISTICS_LIMITED.pdf
2024-10-03 09:53:54,773 - INFO - Successfully generated PDF: reports/pdfBulk\KOLAN_LOGISTICS_LIMITED.pdf
2024-10-03 09:53:54,773 - INFO - Converting MARY-JOANNE_BEAUTY.html to MARY-JOANNE_BEAUTY.pdf
2024-10-03 09:54:43,082 - INFO - Successfully generated PDF: reports/pdfBulk\MARY-JOANNE_BEAUTY.pdf
2024-10-03 09:54:43,083 - INFO - Converting MASONLEO_TECHNOLOGIES.html to MASONLEO_TECHNOLOGIES.pdf
2024-10-03 09:55:31,035 - INFO - Successfully generated PDF: reports/pdfBulk\MASONLEO_TECHNOLOGIES.pdf
2024-10-03 09:55:31,035 - INFO - Converting MICCANS_GLOBAL_RESOURCES_LIMITED.html to MICCANS_GLOBAL_RESOURCES_LIMITED.pdf
2024-10-03 09:56:18,768 - INFO - Successfully generated PDF: reports/pdfBulk\MICCANS_GLOBAL_RESOURCES_LIMITED.pdf
2024-10-03 09:56:18,768 - INFO - Converting MISSION_ALLY_GOSPEL_FOUNDATION.html to MISSION_ALLY_GOSPEL_FOUNDATION.pdf
2024-10-03 09:57:06,811 - INFO - Successfully generated PDF: reports/pdfBulk\MISSION_ALLY_GOSPEL_FOUNDATION.pdf
2024-10-03 09:57:06,811 - INFO - Converting MOHAMMED_NURUDDEEN_MULTIBUSINESS_VENTURES.html to MOHAMMED_NURUDDEEN_MULTIBUSINESS_VENTURES.pdf
2024-10-03 09:57:54,785 - INFO - Successfully generated PDF: reports/pdfBulk\MOHAMMED_NURUDDEEN_MULTIBUSINESS_VENTURES.pdf
2024-10-03 09:57:54,788 - INFO - Converting OBIEZETHEREALTOR_LIMITED.html to OBIEZETHEREALTOR_LIMITED.pdf
2024-10-03 09:58:42,897 - INFO - Successfully generated PDF: reports/pdfBulk\OBIEZETHEREALTOR_LIMITED.pdf
2024-10-03 09:58:42,897 - INFO - Converting OFEAKWU_SPECIAL.html to OFEAKWU_SPECIAL.pdf
2024-10-03 09:59:30,897 - INFO - Successfully generated PDF: reports/pdfBulk\OFEAKWU_SPECIAL.pdf
2024-10-03 09:59:30,897 - INFO - Converting OGABOSS_TECHNOLOGIES_LTD.html to OGABOSS_TECHNOLOGIES_LTD.pdf
2024-10-03 10:00:18,737 - INFO - Successfully generated PDF: reports/pdfBulk\OGABOSS_TECHNOLOGIES_LTD.pdf
2024-10-03 10:00:18,737 - INFO - Converting OMEGA_HERMAN_GLOBAL_RESOURCES_LTD.html to OMEGA_HERMAN_GLOBAL_RESOURCES_LTD.pdf
2024-10-03 10:01:06,766 - INFO - Successfully generated PDF: reports/pdfBulk\OMEGA_HERMAN_GLOBAL_RESOURCES_LTD.pdf
2024-10-03 10:01:06,767 - INFO - Converting OMO-ALATILE_ENTERPRISES.html to OMO-ALATILE_ENTERPRISES.pdf
2024-10-03 10:01:54,803 - INFO - Successfully generated PDF: reports/pdfBulk\OMO-ALATILE_ENTERPRISES.pdf
2024-10-03 10:01:54,803 - INFO - Converting ONARIM_SERVICES_LIMITED.html to ONARIM_SERVICES_LIMITED.pdf
2024-10-03 10:02:42,782 - INFO - Successfully generated PDF: reports/pdfBulk\ONARIM_SERVICES_LIMITED.pdf
2024-10-03 10:02:42,782 - INFO - Converting OSARO'S_COURT_BY_JEINSPIRED.html to OSARO'S_COURT_BY_JEINSPIRED.pdf
2024-10-03 10:03:30,742 - INFO - Successfully generated PDF: reports/pdfBulk\OSARO'S_COURT_BY_JEINSPIRED.pdf
2024-10-03 10:03:30,742 - INFO - Converting PEONY_LIMITED_LIABILITY_PARTNERSHIP.html to PEONY_LIMITED_LIABILITY_PARTNERSHIP.pdf
2024-10-03 10:04:18,732 - INFO - Successfully generated PDF: reports/pdfBulk\PEONY_LIMITED_LIABILITY_PARTNERSHIP.pdf
2024-10-03 10:04:18,732 - INFO - Converting PETROLI_ENERGY_MARKETING_&_SUPPLY_LIMITED.html to PETROLI_ENERGY_MARKETING_&_SUPPLY_LIMITED.pdf
2024-10-03 10:05:06,752 - INFO - Successfully generated PDF: reports/pdfBulk\PETROLI_ENERGY_MARKETING_&_SUPPLY_LIMITED.pdf
2024-10-03 10:05:06,752 - INFO - Converting PREATORIAN_SERVICES_LIMITED.html to PREATORIAN_SERVICES_LIMITED.pdf
2024-10-03 10:05:54,895 - INFO - Successfully generated PDF: reports/pdfBulk\PREATORIAN_SERVICES_LIMITED.pdf
2024-10-03 10:05:54,895 - INFO - Converting QUEST_OIL_GROUP_LIMITED.html to QUEST_OIL_GROUP_LIMITED.pdf
2024-10-03 10:06:42,732 - INFO - Successfully generated PDF: reports/pdfBulk\QUEST_OIL_GROUP_LIMITED.pdf
2024-10-03 10:06:42,732 - INFO - Converting Q’CHEMIC_INTERNATIONAL_LIMITED.html to Q’CHEMIC_INTERNATIONAL_LIMITED.pdf
2024-10-03 10:07:30,909 - INFO - Successfully generated PDF: reports/pdfBulk\Q’CHEMIC_INTERNATIONAL_LIMITED.pdf
2024-10-03 10:07:30,909 - INFO - Converting RACHY_AUTO_LINK_VENTURES.html to RACHY_AUTO_LINK_VENTURES.pdf
2024-10-03 10:08:18,733 - INFO - Successfully generated PDF: reports/pdfBulk\RACHY_AUTO_LINK_VENTURES.pdf
2024-10-03 10:08:18,733 - INFO - Converting RAVAN_LOGISTICS.html to RAVAN_LOGISTICS.pdf
2024-10-03 10:09:06,824 - INFO - Successfully generated PDF: reports/pdfBulk\RAVAN_LOGISTICS.pdf
2024-10-03 10:09:06,824 - INFO - Converting RAWGANIC_FOODS_AND_SPICES.html to RAWGANIC_FOODS_AND_SPICES.pdf
2024-10-03 10:09:54,741 - INFO - Successfully generated PDF: reports/pdfBulk\RAWGANIC_FOODS_AND_SPICES.pdf
2024-10-03 10:09:54,741 - INFO - Converting REALTORHOMMS_BROKERAGE_LTD.html to REALTORHOMMS_BROKERAGE_LTD.pdf
2024-10-03 10:10:42,767 - INFO - Successfully generated PDF: reports/pdfBulk\REALTORHOMMS_BROKERAGE_LTD.pdf
2024-10-03 10:10:42,767 - INFO - Converting REAL_COMFORT_LIMITED.html to REAL_COMFORT_LIMITED.pdf
2024-10-03 10:11:30,771 - INFO - Successfully generated PDF: reports/pdfBulk\REAL_COMFORT_LIMITED.pdf
2024-10-03 10:11:30,771 - INFO - Converting REJUVA_SKINCARE_CLINIC_LIMITED.html to REJUVA_SKINCARE_CLINIC_LIMITED.pdf
2024-10-03 10:12:18,779 - INFO - Successfully generated PDF: reports/pdfBulk\REJUVA_SKINCARE_CLINIC_LIMITED.pdf
2024-10-03 10:12:18,779 - INFO - Converting RUFUS_RIDGE_LIMITED.html to RUFUS_RIDGE_LIMITED.pdf
2024-10-03 10:13:06,749 - INFO - Successfully generated PDF: reports/pdfBulk\RUFUS_RIDGE_LIMITED.pdf
2024-10-03 10:13:06,749 - INFO - Converting RUSSELSMITH_NIGERIA_LIMITED.html to RUSSELSMITH_NIGERIA_LIMITED.pdf
2024-10-03 10:13:54,738 - INFO - Successfully generated PDF: reports/pdfBulk\RUSSELSMITH_NIGERIA_LIMITED.pdf
2024-10-03 10:13:54,738 - INFO - Converting RUTEE_RT_BUSINESS_HUB.html to RUTEE_RT_BUSINESS_HUB.pdf
2024-10-03 10:14:42,734 - INFO - Successfully generated PDF: reports/pdfBulk\RUTEE_RT_BUSINESS_HUB.pdf
2024-10-03 10:14:42,734 - INFO - Converting SAFARI_KONSULT_LIMITED.html to SAFARI_KONSULT_LIMITED.pdf
2024-10-03 10:15:30,740 - INFO - Successfully generated PDF: reports/pdfBulk\SAFARI_KONSULT_LIMITED.pdf
2024-10-03 10:15:30,740 - INFO - Converting SASSY_GRAINS_ENTERPRISES.html to SASSY_GRAINS_ENTERPRISES.pdf
2024-10-03 10:16:18,792 - INFO - Successfully generated PDF: reports/pdfBulk\SASSY_GRAINS_ENTERPRISES.pdf
2024-10-03 10:16:18,792 - INFO - Converting SIMBI_MULTISERVICES.html to SIMBI_MULTISERVICES.pdf
2024-10-03 10:17:06,887 - INFO - Successfully generated PDF: reports/pdfBulk\SIMBI_MULTISERVICES.pdf
2024-10-03 10:17:06,888 - INFO - Converting SKYESIGNATURES_LTD.html to SKYESIGNATURES_LTD.pdf
2024-10-03 10:17:55,035 - INFO - Successfully generated PDF: reports/pdfBulk\SKYESIGNATURES_LTD.pdf
2024-10-03 10:17:55,036 - INFO - Converting SOLOMON_LEGAL_PRACTICE.html to SOLOMON_LEGAL_PRACTICE.pdf
2024-10-03 10:18:42,798 - INFO - Successfully generated PDF: reports/pdfBulk\SOLOMON_LEGAL_PRACTICE.pdf
2024-10-03 10:18:42,798 - INFO - Converting SONIA_GLOW_HAVEN_LTD.html to SONIA_GLOW_HAVEN_LTD.pdf
2024-10-03 10:19:30,796 - INFO - Successfully generated PDF: reports/pdfBulk\SONIA_GLOW_HAVEN_LTD.pdf
2024-10-03 10:19:30,796 - INFO - Converting STARMINE_SOLUTIONS_LIMITED.html to STARMINE_SOLUTIONS_LIMITED.pdf
2024-10-03 10:20:18,761 - INFO - Successfully generated PDF: reports/pdfBulk\STARMINE_SOLUTIONS_LIMITED.pdf
2024-10-03 10:20:18,761 - INFO - Converting STUDIOPERKS_MEDIA.html to STUDIOPERKS_MEDIA.pdf
2024-10-03 10:21:06,736 - INFO - Successfully generated PDF: reports/pdfBulk\STUDIOPERKS_MEDIA.pdf
2024-10-03 10:21:06,736 - INFO - Converting SUMMERSIDE_INTEGRATED_RESOURCES.html to SUMMERSIDE_INTEGRATED_RESOURCES.pdf
2024-10-03 10:21:54,744 - INFO - Successfully generated PDF: reports/pdfBulk\SUMMERSIDE_INTEGRATED_RESOURCES.pdf
2024-10-03 10:21:54,744 - INFO - Converting THE_BLUEPRINT_CHURCH.html to THE_BLUEPRINT_CHURCH.pdf
2024-10-03 10:22:42,822 - INFO - Successfully generated PDF: reports/pdfBulk\THE_BLUEPRINT_CHURCH.pdf
2024-10-03 10:22:42,822 - INFO - Converting THE_MEDITERRANEAN_PRACTICE.html to THE_MEDITERRANEAN_PRACTICE.pdf
2024-10-03 10:23:30,750 - INFO - Successfully generated PDF: reports/pdfBulk\THE_MEDITERRANEAN_PRACTICE.pdf
2024-10-03 10:23:30,750 - INFO - Converting THE_UNDAGROUND_MEDIA_LIMITED.html to THE_UNDAGROUND_MEDIA_LIMITED.pdf
2024-10-03 10:24:18,761 - INFO - Successfully generated PDF: reports/pdfBulk\THE_UNDAGROUND_MEDIA_LIMITED.pdf
2024-10-03 10:24:18,761 - INFO - Converting TITANFORGE_SOLUTIONS.html to TITANFORGE_SOLUTIONS.pdf
2024-10-03 10:25:06,732 - INFO - Successfully generated PDF: reports/pdfBulk\TITANFORGE_SOLUTIONS.pdf
2024-10-03 10:25:06,732 - INFO - Converting TL_TRADING_LLP.html to TL_TRADING_LLP.pdf
2024-10-03 10:25:54,745 - INFO - Successfully generated PDF: reports/pdfBulk\TL_TRADING_LLP.pdf
2024-10-03 10:25:54,745 - INFO - Converting TRENDS_BY_KOME.html to TRENDS_BY_KOME.pdf
2024-10-03 10:26:42,753 - INFO - Successfully generated PDF: reports/pdfBulk\TRENDS_BY_KOME.pdf
2024-10-03 10:26:42,753 - INFO - Converting TRIPPLE_J_HOPKINS_NIGERIA_LTD.html to TRIPPLE_J_HOPKINS_NIGERIA_LTD.pdf
2024-10-03 10:27:30,741 - INFO - Successfully generated PDF: reports/pdfBulk\TRIPPLE_J_HOPKINS_NIGERIA_LTD.pdf
2024-10-03 10:27:30,741 - INFO - Converting TWINPODS_ORGANICS.html to TWINPODS_ORGANICS.pdf
2024-10-03 10:28:18,737 - INFO - Successfully generated PDF: reports/pdfBulk\TWINPODS_ORGANICS.pdf
2024-10-03 10:28:18,737 - INFO - Converting UJULAGOS_VENTURES.html to UJULAGOS_VENTURES.pdf
2024-10-03 10:29:06,743 - INFO - Successfully generated PDF: reports/pdfBulk\UJULAGOS_VENTURES.pdf
2024-10-03 10:29:06,743 - INFO - Converting UNE_AUTOS.html to UNE_AUTOS.pdf
2024-10-03 10:29:54,743 - INFO - Successfully generated PDF: reports/pdfBulk\UNE_AUTOS.pdf
2024-10-03 10:29:54,743 - INFO - Converting UNIBROS_GLOBAL_LIMITED.html to UNIBROS_GLOBAL_LIMITED.pdf
2024-10-03 10:30:42,755 - INFO - Successfully generated PDF: reports/pdfBulk\UNIBROS_GLOBAL_LIMITED.pdf
2024-10-03 10:30:42,755 - INFO - Converting U_SELECT_IT_NIGERIA_LIMITED.html to U_SELECT_IT_NIGERIA_LIMITED.pdf
2024-10-03 10:31:30,801 - INFO - Successfully generated PDF: reports/pdfBulk\U_SELECT_IT_NIGERIA_LIMITED.pdf
2024-10-03 10:31:30,801 - INFO - Converting VAO_CARES.html to VAO_CARES.pdf
2024-10-03 10:32:18,748 - INFO - Successfully generated PDF: reports/pdfBulk\VAO_CARES.pdf
2024-10-03 10:32:18,748 - INFO - Converting WOLZ_FUTURE_DESIRE_LIMITED.html to WOLZ_FUTURE_DESIRE_LIMITED.pdf
2024-10-03 10:33:06,736 - INFO - Successfully generated PDF: reports/pdfBulk\WOLZ_FUTURE_DESIRE_LIMITED.pdf
2024-10-03 10:33:06,736 - INFO - Converting XYZ_PALMHOMES_LIMITED.html to XYZ_PALMHOMES_LIMITED.pdf
2024-10-03 10:33:54,733 - INFO - Successfully generated PDF: reports/pdfBulk\XYZ_PALMHOMES_LIMITED.pdf
2024-10-03 10:33:54,733 - INFO - Converting YINQOLD_CREATIONS.html to YINQOLD_CREATIONS.pdf
2024-10-03 10:34:42,743 - INFO - Successfully generated PDF: reports/pdfBulk\YINQOLD_CREATIONS.pdf
2024-10-03 10:34:42,743 - INFO - Converting ZOMAR_HOMES_AND_PROPERTY_LIMITED.html to ZOMAR_HOMES_AND_PROPERTY_LIMITED.pdf
2024-10-03 10:35:30,741 - INFO - Successfully generated PDF: reports/pdfBulk\ZOMAR_HOMES_AND_PROPERTY_LIMITED.pdf
2024-10-03 10:35:30,741 - INFO - Bulk conversion completed successfully.
